-------------------------------------------------------------------------------
Test set: com.raystech.proj0.test.MarksheetModelTest
-------------------------------------------------------------------------------
Tests run: 1, Failures: 1, Errors: 0, Skipped: 0, Time elapsed: 0 sec <<< FAILURE! - in com.raystech.proj0.test.MarksheetModelTest
test(com.raystech.proj0.test.MarksheetModelTest)  Time elapsed: 0 sec  <<< FAILURE!
java.lang.AssertionError: Not yet implemented
	at org.junit.Assert.fail(Assert.java:88)
	at com.raystech.proj0.test.MarksheetModelTest.test(MarksheetModelTest.java:31)

